info it worked if it ends with ok
verbose cli [ 'node',
verbose cli   'C:\\Users\\Casey\\AppData\\Roaming\\npm\\node_modules\\npm\\bin\\npm-cli.js',
verbose cli   'install' ]
info using npm@1.1.21
info using node@v0.8.5
verbose config file C:\Users\Casey\.npmrc
verbose config file C:\Program Files\nodejs\etc\npmrc
verbose config file C:\Users\Casey\AppData\Roaming\npm\node_modules\npm\npmrc
ERR! Couldn't read dependencies.
ERR! Failed to parse json
ERR! Unexpected token }
ERR! File: C:\Users\Casey\Dropbox\Code\c4-prototype\package.json
ERR! JSON.parse Failed to parse package.json data.
ERR! JSON.parse package.json must be actual JSON, not just JavaScript.
ERR! JSON.parse This is not a bug in npm.
ERR! JSON.parse Tell the package author to fix their package.json file.
ERR! 
ERR! System Windows_NT 6.1.7601
ERR! command "node" "C:\\Users\\Casey\\AppData\\Roaming\\npm\\node_modules\\npm\\bin\\npm-cli.js" "install"
ERR! cwd C:\Users\Casey\Dropbox\Code\c4-prototype
ERR! node -v v0.8.5
ERR! npm -v 1.1.21
ERR! file C:\Users\Casey\Dropbox\Code\c4-prototype\package.json
ERR! code EJSONPARSE
ERR! message Failed to parse json
ERR! message Unexpected token }
ERR! errno {}
verbose exit [ 1, true ]
